#! /usr/bin/vvp
:ivl_version "0.9.7 " "(v0_9_7)";
:vpi_time_precision + 0;
:vpi_module "system";
:vpi_module "v2005_math";
:vpi_module "va_math";
S_0x206ee60 .scope module, "alutest" "alutest" 2 1;
 .timescale 0 0;
v0x2090cd0_0 .var "A", 7 0;
v0x2090d70_0 .var "B", 7 0;
v0x2091180_0 .var "CTR", 3 0;
v0x2091200_0 .net "O", 7 0, v0x208df40_0; 1 drivers
v0x2091280_0 .var "ck", 0 0;
E_0x206f350 .event negedge, v0x2090c30_0;
S_0x206ef50 .scope module, "ALU" "alu" 2 13, 3 1, S_0x206ee60;
 .timescale 0 0;
L_0x208e1f0 .functor AND 8, v0x208ddc0_0, v0x208de60_0, C4<11111111>, C4<11111111>;
L_0x20922c0 .functor OR 8, v0x208ddc0_0, v0x208de60_0, C4<00000000>, C4<00000000>;
L_0x2092260 .functor XOR 8, v0x208ddc0_0, v0x208de60_0, C4<00000000>, C4<00000000>;
L_0x2092520 .functor NOT 8, v0x208ddc0_0, C4<00000000>, C4<00000000>, C4<00000000>;
v0x20671f0_0 .net "A", 7 0, v0x2090cd0_0; 1 drivers
v0x208dbd0_0 .net "B", 7 0, v0x2090d70_0; 1 drivers
v0x208dc70_0 .var "C", 3 0;
v0x208dd10_0 .net "CTR", 3 0, v0x2091180_0; 1 drivers
v0x208ddc0_0 .var "INA", 7 0;
v0x208de60_0 .var "INB", 7 0;
v0x208df40_0 .var "O", 7 0;
v0x208dfe0_0 .net "OUT", 7 0, L_0x20952d0; 1 drivers
v0x208e0d0_0 .net *"_s0", 4 0, L_0x2091330; 1 drivers
v0x208e170_0 .net *"_s10", 4 0, L_0x20916b0; 1 drivers
v0x208e270_0 .net *"_s100", 7 0, L_0x2093a90; 1 drivers
v0x208e310_0 .net *"_s102", 4 0, L_0x2093d80; 1 drivers
v0x208e420_0 .net *"_s105", 0 0, C4<0>; 1 drivers
v0x208e4c0_0 .net *"_s106", 4 0, C4<01111>; 1 drivers
v0x208e5e0_0 .net *"_s108", 0 0, L_0x2093910; 1 drivers
v0x208e680_0 .net *"_s111", 6 0, L_0x20940a0; 1 drivers
v0x208e540_0 .net *"_s113", 0 0, L_0x2093e20; 1 drivers
v0x208e7d0_0 .net *"_s114", 7 0, L_0x2094240; 1 drivers
v0x208e8f0_0 .net *"_s116", 7 0, C4<00000000>; 1 drivers
v0x208e970_0 .net *"_s118", 7 0, L_0x2093ef0; 1 drivers
v0x208e850_0 .net *"_s120", 7 0, L_0x2094580; 1 drivers
v0x208eaa0_0 .net *"_s122", 7 0, L_0x2094740; 1 drivers
v0x208e9f0_0 .net *"_s124", 7 0, L_0x20948d0; 1 drivers
v0x208ebe0_0 .net *"_s126", 7 0, L_0x2094aa0; 1 drivers
v0x208eb40_0 .net *"_s128", 7 0, L_0x2094c30; 1 drivers
v0x208ed30_0 .net *"_s13", 0 0, C4<0>; 1 drivers
v0x208ec80_0 .net *"_s130", 7 0, L_0x2094e10; 1 drivers
v0x208ee90_0 .net *"_s132", 7 0, L_0x2094fa0; 1 drivers
v0x208edd0_0 .net *"_s134", 7 0, L_0x2095190; 1 drivers
v0x208f000_0 .net *"_s14", 4 0, C4<00001>; 1 drivers
v0x208ef10_0 .net *"_s16", 0 0, L_0x2091900; 1 drivers
v0x208f180_0 .net *"_s18", 7 0, L_0x2091a70; 1 drivers
v0x208f080_0 .net *"_s20", 4 0, L_0x2091c20; 1 drivers
v0x208f310_0 .net *"_s23", 0 0, C4<0>; 1 drivers
v0x208f200_0 .net *"_s24", 4 0, C4<01000>; 1 drivers
v0x208f4b0_0 .net *"_s26", 0 0, L_0x2091dd0; 1 drivers
v0x208f390_0 .net *"_s28", 7 0, L_0x208e1f0; 1 drivers
v0x208f430_0 .net *"_s3", 0 0, C4<0>; 1 drivers
v0x208f670_0 .net *"_s30", 4 0, L_0x2091f60; 1 drivers
v0x208f6f0_0 .net *"_s33", 0 0, C4<0>; 1 drivers
v0x208f530_0 .net *"_s34", 4 0, C4<01001>; 1 drivers
v0x208f5d0_0 .net *"_s36", 0 0, L_0x2092120; 1 drivers
v0x208f8d0_0 .net *"_s38", 7 0, L_0x20922c0; 1 drivers
v0x208f950_0 .net *"_s4", 4 0, C4<00000>; 1 drivers
v0x208f770_0 .net *"_s40", 4 0, L_0x2092440; 1 drivers
v0x208f810_0 .net *"_s43", 0 0, C4<0>; 1 drivers
v0x208fb50_0 .net *"_s44", 4 0, C4<01010>; 1 drivers
v0x208fbd0_0 .net *"_s46", 0 0, L_0x2092580; 1 drivers
v0x208f9f0_0 .net *"_s48", 7 0, L_0x2092260; 1 drivers
v0x208fa90_0 .net *"_s50", 4 0, L_0x2092620; 1 drivers
v0x208fdf0_0 .net *"_s53", 0 0, C4<0>; 1 drivers
v0x208fe70_0 .net *"_s54", 4 0, C4<01011>; 1 drivers
v0x208fc70_0 .net *"_s56", 0 0, L_0x20927e0; 1 drivers
v0x208fd10_0 .net *"_s58", 7 0, L_0x2092520; 1 drivers
v0x20900b0_0 .net *"_s6", 0 0, L_0x20914a0; 1 drivers
v0x2090130_0 .net *"_s60", 4 0, L_0x20929d0; 1 drivers
v0x208fef0_0 .net *"_s63", 0 0, C4<0>; 1 drivers
v0x208ff90_0 .net *"_s64", 4 0, C4<01100>; 1 drivers
v0x2090030_0 .net *"_s66", 0 0, L_0x2092c20; 1 drivers
v0x20903b0_0 .net *"_s68", 7 0, L_0x2092f00; 1 drivers
v0x20901d0_0 .net *"_s70", 6 0, L_0x2092e20; 1 drivers
v0x2090270_0 .net *"_s72", 0 0, C4<0>; 1 drivers
v0x2090310_0 .net *"_s74", 4 0, L_0x2093110; 1 drivers
v0x2090650_0 .net *"_s77", 0 0, C4<0>; 1 drivers
v0x2090450_0 .net *"_s78", 4 0, C4<01101>; 1 drivers
v0x20904f0_0 .net *"_s8", 7 0, L_0x20915e0; 1 drivers
v0x2090590_0 .net *"_s80", 0 0, L_0x2093300; 1 drivers
v0x20908f0_0 .net *"_s82", 7 0, L_0x20936d0; 1 drivers
v0x20906f0_0 .net *"_s84", 6 0, L_0x2093070; 1 drivers
v0x2090790_0 .net *"_s86", 0 0, C4<0>; 1 drivers
v0x2090830_0 .net *"_s88", 4 0, L_0x2093470; 1 drivers
v0x2090bb0_0 .net *"_s91", 0 0, C4<0>; 1 drivers
v0x2090970_0 .net *"_s92", 4 0, C4<01110>; 1 drivers
v0x2090a10_0 .net *"_s94", 0 0, L_0x2093630; 1 drivers
v0x2090ab0_0 .net *"_s97", 0 0, L_0x20937c0; 1 drivers
v0x2090e90_0 .net *"_s99", 6 0, L_0x2093b60; 1 drivers
v0x2090c30_0 .net "ck", 0 0, v0x2091280_0; 1 drivers
E_0x206f040 .event posedge, v0x2090c30_0;
L_0x2091330 .concat [ 4 1 0 0], v0x208dc70_0, C4<0>;
L_0x20914a0 .cmp/eq 5, L_0x2091330, C4<00000>;
L_0x20915e0 .arith/sum 8, v0x208ddc0_0, v0x208de60_0;
L_0x20916b0 .concat [ 4 1 0 0], v0x208dc70_0, C4<0>;
L_0x2091900 .cmp/eq 5, L_0x20916b0, C4<00001>;
L_0x2091a70 .arith/sub 8, v0x208ddc0_0, v0x208de60_0;
L_0x2091c20 .concat [ 4 1 0 0], v0x208dc70_0, C4<0>;
L_0x2091dd0 .cmp/eq 5, L_0x2091c20, C4<01000>;
L_0x2091f60 .concat [ 4 1 0 0], v0x208dc70_0, C4<0>;
L_0x2092120 .cmp/eq 5, L_0x2091f60, C4<01001>;
L_0x2092440 .concat [ 4 1 0 0], v0x208dc70_0, C4<0>;
L_0x2092580 .cmp/eq 5, L_0x2092440, C4<01010>;
L_0x2092620 .concat [ 4 1 0 0], v0x208dc70_0, C4<0>;
L_0x20927e0 .cmp/eq 5, L_0x2092620, C4<01011>;
L_0x20929d0 .concat [ 4 1 0 0], v0x208dc70_0, C4<0>;
L_0x2092c20 .cmp/eq 5, L_0x20929d0, C4<01100>;
L_0x2092e20 .part v0x208ddc0_0, 1, 7;
L_0x2092f00 .concat [ 7 1 0 0], L_0x2092e20, C4<0>;
L_0x2093110 .concat [ 4 1 0 0], v0x208dc70_0, C4<0>;
L_0x2093300 .cmp/eq 5, L_0x2093110, C4<01101>;
L_0x2093070 .part v0x208ddc0_0, 0, 7;
L_0x20936d0 .concat [ 1 7 0 0], C4<0>, L_0x2093070;
L_0x2093470 .concat [ 4 1 0 0], v0x208dc70_0, C4<0>;
L_0x2093630 .cmp/eq 5, L_0x2093470, C4<01110>;
L_0x20937c0 .part v0x208ddc0_0, 0, 1;
L_0x2093b60 .part v0x208ddc0_0, 1, 7;
L_0x2093a90 .concat [ 7 1 0 0], L_0x2093b60, L_0x20937c0;
L_0x2093d80 .concat [ 4 1 0 0], v0x208dc70_0, C4<0>;
L_0x2093910 .cmp/eq 5, L_0x2093d80, C4<01111>;
L_0x20940a0 .part v0x208ddc0_0, 0, 7;
L_0x2093e20 .part v0x208ddc0_0, 7, 1;
L_0x2094240 .concat [ 1 7 0 0], L_0x2093e20, L_0x20940a0;
L_0x2093ef0 .functor MUXZ 8, C4<00000000>, L_0x2094240, L_0x2093910, C4<>;
L_0x2094580 .functor MUXZ 8, L_0x2093ef0, L_0x2093a90, L_0x2093630, C4<>;
L_0x2094740 .functor MUXZ 8, L_0x2094580, L_0x20936d0, L_0x2093300, C4<>;
L_0x20948d0 .functor MUXZ 8, L_0x2094740, L_0x2092f00, L_0x2092c20, C4<>;
L_0x2094aa0 .functor MUXZ 8, L_0x20948d0, L_0x2092520, L_0x20927e0, C4<>;
L_0x2094c30 .functor MUXZ 8, L_0x2094aa0, L_0x2092260, L_0x2092580, C4<>;
L_0x2094e10 .functor MUXZ 8, L_0x2094c30, L_0x20922c0, L_0x2092120, C4<>;
L_0x2094fa0 .functor MUXZ 8, L_0x2094e10, L_0x208e1f0, L_0x2091dd0, C4<>;
L_0x2095190 .functor MUXZ 8, L_0x2094fa0, L_0x2091a70, L_0x2091900, C4<>;
L_0x20952d0 .functor MUXZ 8, L_0x2095190, L_0x20915e0, L_0x20914a0, C4<>;
    .scope S_0x206ef50;
T_0 ;
    %wait E_0x206f040;
    %load/v 8, v0x20671f0_0, 8;
    %ix/load 0, 8, 0;
    %assign/v0 v0x208ddc0_0, 0, 8;
    %load/v 8, v0x208dbd0_0, 8;
    %ix/load 0, 8, 0;
    %assign/v0 v0x208de60_0, 0, 8;
    %load/v 8, v0x208dd10_0, 4;
    %ix/load 0, 4, 0;
    %assign/v0 v0x208dc70_0, 0, 8;
    %load/v 8, v0x208dfe0_0, 8;
    %ix/load 0, 8, 0;
    %assign/v0 v0x208df40_0, 0, 8;
    %jmp T_0;
    .thread T_0;
    .scope S_0x206ee60;
T_1 ;
    %set/v v0x2091280_0, 0, 1;
    %vpi_call 2 8 "$dumpfile", "alu.vcd";
    %vpi_call 2 9 "$dumpvars";
    %vpi_call 2 10 "$monitor", "%t\011A=%h, B=%h, CTR=%h, OUT=%h", $time, v0x2090cd0_0, v0x2090d70_0, v0x2091180_0, v0x2091200_0;
    %delay 150, 0;
    %vpi_call 2 11 "$finish";
    %end;
    .thread T_1;
    .scope S_0x206ee60;
T_2 ;
    %delay 10, 0;
    %load/v 8, v0x2091280_0, 1;
    %inv 8, 1;
    %set/v v0x2091280_0, 8, 1;
    %jmp T_2;
    .thread T_2;
    .scope S_0x206ee60;
T_3 ;
    %wait E_0x206f350;
    %vpi_func 2 16 "$random", 8, 32;
    %set/v v0x2090cd0_0, 8, 8;
    %vpi_func 2 17 "$random", 8, 32;
    %set/v v0x2090d70_0, 8, 8;
    %vpi_func 2 18 "$random", 8, 32;
    %set/v v0x2091180_0, 8, 4;
    %jmp T_3;
    .thread T_3;
# The file index is used to find the file name in the following table.
:file_names 4;
    "N/A";
    "<interactive>";
    "alutest.v";
    "alu.v";
