#! /usr/bin/vvp
:ivl_version "0.9.7 " "(v0_9_7)";
:vpi_time_precision + 0;
:vpi_module "system";
:vpi_module "v2005_math";
:vpi_module "va_math";
S_0xdbda80 .scope module, "simfulladd" "simfulladd" 2 1;
 .timescale 0 0;
v0xdd0430_0 .var "cin", 0 0;
v0xdd04d0_0 .net "cout", 0 0, L_0xdd0ab0; 1 drivers
v0xdd0580_0 .net "s", 0 0, L_0xdd0d80; 1 drivers
v0xdd0630_0 .var "x", 0 0;
v0xdd0710_0 .var "y", 0 0;
S_0xdbdb70 .scope module, "add" "FullAdderStructure" 2 20, 3 1, S_0xdbda80;
 .timescale 0 0;
L_0xdd07c0 .functor AND 1, v0xdd0630_0, v0xdd0710_0, C4<1>, C4<1>;
L_0xdd08a0 .functor AND 1, v0xdd0710_0, v0xdd0430_0, C4<1>, C4<1>;
L_0xdd0950 .functor AND 1, v0xdd0430_0, v0xdd0630_0, C4<1>, C4<1>;
L_0xdd09b0 .functor OR 1, L_0xdd07c0, L_0xdd08a0, C4<0>, C4<0>;
L_0xdd0ab0 .functor OR 1, L_0xdd09b0, L_0xdd0950, C4<0>, C4<0>;
L_0xdd0c00 .functor XOR 1, v0xdd0630_0, v0xdd0710_0, C4<0>, C4<0>;
L_0xdd0d80 .functor XOR 1, L_0xdd0c00, v0xdd0430_0, C4<0>, C4<0>;
v0xd84690_0 .net "cin", 0 0, v0xdd0430_0; 1 drivers
v0xdcfd90_0 .alias "cout", 0 0, v0xdd04d0_0;
v0xdcfe30_0 .alias "s", 0 0, v0xdd0580_0;
v0xdcfed0_0 .net "w1", 0 0, L_0xdd07c0; 1 drivers
v0xdcff80_0 .net "w2", 0 0, L_0xdd08a0; 1 drivers
v0xdd0020_0 .net "w3", 0 0, L_0xdd0950; 1 drivers
v0xdd0100_0 .net "w4", 0 0, L_0xdd09b0; 1 drivers
v0xdd01a0_0 .net "w5", 0 0, L_0xdd0c00; 1 drivers
v0xdd0290_0 .net "x", 0 0, v0xdd0630_0; 1 drivers
v0xdd0330_0 .net "y", 0 0, v0xdd0710_0; 1 drivers
    .scope S_0xdbda80;
T_0 ;
    %vpi_call 2 5 "$monitor", "%t ln (x,y,cin)->Out(s,cout:(%b,%b,%b)->(%b,%b))", $time, v0xdd0630_0, v0xdd0710_0, v0xdd0430_0, v0xdd0580_0, v0xdd04d0_0;
    %ix/load 0, 1, 0;
    %assign/v0 v0xdd0630_0, 0, 0;
    %ix/load 0, 1, 0;
    %assign/v0 v0xdd0710_0, 0, 0;
    %ix/load 0, 1, 0;
    %assign/v0 v0xdd0430_0, 0, 0;
    %delay 40, 0;
    %ix/load 0, 1, 0;
    %assign/v0 v0xdd0630_0, 0, 1;
    %ix/load 0, 1, 0;
    %assign/v0 v0xdd0710_0, 0, 0;
    %ix/load 0, 1, 0;
    %assign/v0 v0xdd0430_0, 0, 0;
    %delay 40, 0;
    %ix/load 0, 1, 0;
    %assign/v0 v0xdd0630_0, 0, 0;
    %ix/load 0, 1, 0;
    %assign/v0 v0xdd0710_0, 0, 1;
    %ix/load 0, 1, 0;
    %assign/v0 v0xdd0430_0, 0, 0;
    %delay 40, 0;
    %ix/load 0, 1, 0;
    %assign/v0 v0xdd0630_0, 0, 1;
    %ix/load 0, 1, 0;
    %assign/v0 v0xdd0710_0, 0, 0;
    %ix/load 0, 1, 0;
    %assign/v0 v0xdd0430_0, 0, 0;
    %delay 40, 0;
    %ix/load 0, 1, 0;
    %assign/v0 v0xdd0630_0, 0, 0;
    %ix/load 0, 1, 0;
    %assign/v0 v0xdd0710_0, 0, 0;
    %ix/load 0, 1, 0;
    %assign/v0 v0xdd0430_0, 0, 0;
    %delay 40, 0;
    %ix/load 0, 1, 0;
    %assign/v0 v0xdd0630_0, 0, 1;
    %ix/load 0, 1, 0;
    %assign/v0 v0xdd0710_0, 0, 1;
    %ix/load 0, 1, 0;
    %assign/v0 v0xdd0430_0, 0, 0;
    %delay 40, 0;
    %ix/load 0, 1, 0;
    %assign/v0 v0xdd0630_0, 0, 1;
    %ix/load 0, 1, 0;
    %assign/v0 v0xdd0710_0, 0, 0;
    %ix/load 0, 1, 0;
    %assign/v0 v0xdd0430_0, 0, 1;
    %delay 40, 0;
    %ix/load 0, 1, 0;
    %assign/v0 v0xdd0630_0, 0, 0;
    %ix/load 0, 1, 0;
    %assign/v0 v0xdd0710_0, 0, 1;
    %ix/load 0, 1, 0;
    %assign/v0 v0xdd0430_0, 0, 1;
    %delay 40, 0;
    %ix/load 0, 1, 0;
    %assign/v0 v0xdd0630_0, 0, 1;
    %ix/load 0, 1, 0;
    %assign/v0 v0xdd0710_0, 0, 0;
    %ix/load 0, 1, 0;
    %assign/v0 v0xdd0430_0, 0, 1;
    %delay 40, 0;
    %ix/load 0, 1, 0;
    %assign/v0 v0xdd0630_0, 0, 0;
    %ix/load 0, 1, 0;
    %assign/v0 v0xdd0710_0, 0, 0;
    %ix/load 0, 1, 0;
    %assign/v0 v0xdd0430_0, 0, 1;
    %delay 40, 0;
    %ix/load 0, 1, 0;
    %assign/v0 v0xdd0630_0, 0, 1;
    %ix/load 0, 1, 0;
    %assign/v0 v0xdd0710_0, 0, 1;
    %ix/load 0, 1, 0;
    %assign/v0 v0xdd0430_0, 0, 1;
    %delay 40, 0;
    %vpi_call 2 18 "$finish";
    %end;
    .thread T_0;
# The file index is used to find the file name in the following table.
:file_names 4;
    "N/A";
    "<interactive>";
    "simfulladd2.v";
    "FullAdderStructure.v";
